<?xml version="1.0" encoding="UTF-8"?>
<testsuite xmlns:xsi="http://www.w3.org/2001/XMLSchema-instance" xsi:noNamespaceSchemaLocation="https://maven.apache.org/surefire/maven-surefire-plugin/xsd/surefire-test-report.xsd" name="com.leslie.demo.DemoApplicationTests" time="1.621" tests="1" errors="0" skipped="0" failures="0">
  <properties>
    <property name="sun.desktop" value="windows"/>
    <property name="awt.toolkit" value="sun.awt.windows.WToolkit"/>
    <property name="file.encoding.pkg" value="sun.io"/>
    <property name="java.specification.version" value="1.8"/>
    <property name="sun.cpu.isalist" value="amd64"/>
    <property name="sun.jnu.encoding" value="GBK"/>
    <property name="java.class.path" value="D:\workspace\teeth\target\test-classes;D:\workspace\teeth\target\classes;D:\ideaMaven\repository2\org\springframework\boot\spring-boot-starter-web\2.7.5\spring-boot-starter-web-2.7.5.jar;D:\ideaMaven\repository2\org\springframework\boot\spring-boot-starter\2.7.5\spring-boot-starter-2.7.5.jar;D:\ideaMaven\repository2\org\springframework\boot\spring-boot\2.7.5\spring-boot-2.7.5.jar;D:\ideaMaven\repository2\org\springframework\boot\spring-boot-autoconfigure\2.7.5\spring-boot-autoconfigure-2.7.5.jar;D:\ideaMaven\repository2\org\springframework\boot\spring-boot-starter-logging\2.7.5\spring-boot-starter-logging-2.7.5.jar;D:\ideaMaven\repository2\ch\qos\logback\logback-classic\1.2.11\logback-classic-1.2.11.jar;D:\ideaMaven\repository2\ch\qos\logback\logback-core\1.2.11\logback-core-1.2.11.jar;D:\ideaMaven\repository2\org\apache\logging\log4j\log4j-to-slf4j\2.17.2\log4j-to-slf4j-2.17.2.jar;D:\ideaMaven\repository2\org\apache\logging\log4j\log4j-api\2.17.2\log4j-api-2.17.2.jar;D:\ideaMaven\repository2\org\slf4j\jul-to-slf4j\1.7.36\jul-to-slf4j-1.7.36.jar;D:\ideaMaven\repository2\jakarta\annotation\jakarta.annotation-api\1.3.5\jakarta.annotation-api-1.3.5.jar;D:\ideaMaven\repository2\org\yaml\snakeyaml\1.30\snakeyaml-1.30.jar;D:\ideaMaven\repository2\org\springframework\boot\spring-boot-starter-json\2.7.5\spring-boot-starter-json-2.7.5.jar;D:\ideaMaven\repository2\com\fasterxml\jackson\core\jackson-databind\2.13.4.2\jackson-databind-2.13.4.2.jar;D:\ideaMaven\repository2\com\fasterxml\jackson\core\jackson-annotations\2.13.4\jackson-annotations-2.13.4.jar;D:\ideaMaven\repository2\com\fasterxml\jackson\core\jackson-core\2.13.4\jackson-core-2.13.4.jar;D:\ideaMaven\repository2\com\fasterxml\jackson\datatype\jackson-datatype-jdk8\2.13.4\jackson-datatype-jdk8-2.13.4.jar;D:\ideaMaven\repository2\com\fasterxml\jackson\datatype\jackson-datatype-jsr310\2.13.4\jackson-datatype-jsr310-2.13.4.jar;D:\ideaMaven\repository2\com\fasterxml\jackson\module\jackson-module-parameter-names\2.13.4\jackson-module-parameter-names-2.13.4.jar;D:\ideaMaven\repository2\org\springframework\boot\spring-boot-starter-tomcat\2.7.5\spring-boot-starter-tomcat-2.7.5.jar;D:\ideaMaven\repository2\org\apache\tomcat\embed\tomcat-embed-core\9.0.68\tomcat-embed-core-9.0.68.jar;D:\ideaMaven\repository2\org\apache\tomcat\embed\tomcat-embed-el\9.0.68\tomcat-embed-el-9.0.68.jar;D:\ideaMaven\repository2\org\apache\tomcat\embed\tomcat-embed-websocket\9.0.68\tomcat-embed-websocket-9.0.68.jar;D:\ideaMaven\repository2\org\springframework\spring-web\5.3.23\spring-web-5.3.23.jar;D:\ideaMaven\repository2\org\springframework\spring-beans\5.3.23\spring-beans-5.3.23.jar;D:\ideaMaven\repository2\org\springframework\spring-webmvc\5.3.23\spring-webmvc-5.3.23.jar;D:\ideaMaven\repository2\org\springframework\spring-aop\5.3.23\spring-aop-5.3.23.jar;D:\ideaMaven\repository2\org\springframework\spring-context\5.3.23\spring-context-5.3.23.jar;D:\ideaMaven\repository2\org\springframework\spring-expression\5.3.23\spring-expression-5.3.23.jar;D:\ideaMaven\repository2\com\mysql\mysql-connector-j\8.0.31\mysql-connector-j-8.0.31.jar;D:\ideaMaven\repository2\org\projectlombok\lombok\1.18.24\lombok-1.18.24.jar;D:\ideaMaven\repository2\org\springframework\boot\spring-boot-starter-test\2.7.5\spring-boot-starter-test-2.7.5.jar;D:\ideaMaven\repository2\org\springframework\boot\spring-boot-test\2.7.5\spring-boot-test-2.7.5.jar;D:\ideaMaven\repository2\org\springframework\boot\spring-boot-test-autoconfigure\2.7.5\spring-boot-test-autoconfigure-2.7.5.jar;D:\ideaMaven\repository2\com\jayway\jsonpath\json-path\2.7.0\json-path-2.7.0.jar;D:\ideaMaven\repository2\net\minidev\json-smart\2.4.8\json-smart-2.4.8.jar;D:\ideaMaven\repository2\net\minidev\accessors-smart\2.4.8\accessors-smart-2.4.8.jar;D:\ideaMaven\repository2\org\ow2\asm\asm\9.1\asm-9.1.jar;D:\ideaMaven\repository2\org\slf4j\slf4j-api\1.7.36\slf4j-api-1.7.36.jar;D:\ideaMaven\repository2\jakarta\xml\bind\jakarta.xml.bind-api\2.3.3\jakarta.xml.bind-api-2.3.3.jar;D:\ideaMaven\repository2\jakarta\activation\jakarta.activation-api\1.2.2\jakarta.activation-api-1.2.2.jar;D:\ideaMaven\repository2\org\assertj\assertj-core\3.22.0\assertj-core-3.22.0.jar;D:\ideaMaven\repository2\org\hamcrest\hamcrest\2.2\hamcrest-2.2.jar;D:\ideaMaven\repository2\org\junit\jupiter\junit-jupiter\5.8.2\junit-jupiter-5.8.2.jar;D:\ideaMaven\repository2\org\junit\jupiter\junit-jupiter-api\5.8.2\junit-jupiter-api-5.8.2.jar;D:\ideaMaven\repository2\org\opentest4j\opentest4j\1.2.0\opentest4j-1.2.0.jar;D:\ideaMaven\repository2\org\junit\platform\junit-platform-commons\1.8.2\junit-platform-commons-1.8.2.jar;D:\ideaMaven\repository2\org\apiguardian\apiguardian-api\1.1.2\apiguardian-api-1.1.2.jar;D:\ideaMaven\repository2\org\junit\jupiter\junit-jupiter-params\5.8.2\junit-jupiter-params-5.8.2.jar;D:\ideaMaven\repository2\org\junit\jupiter\junit-jupiter-engine\5.8.2\junit-jupiter-engine-5.8.2.jar;D:\ideaMaven\repository2\org\junit\platform\junit-platform-engine\1.8.2\junit-platform-engine-1.8.2.jar;D:\ideaMaven\repository2\org\mockito\mockito-core\4.5.1\mockito-core-4.5.1.jar;D:\ideaMaven\repository2\net\bytebuddy\byte-buddy\1.12.18\byte-buddy-1.12.18.jar;D:\ideaMaven\repository2\net\bytebuddy\byte-buddy-agent\1.12.18\byte-buddy-agent-1.12.18.jar;D:\ideaMaven\repository2\org\objenesis\objenesis\3.2\objenesis-3.2.jar;D:\ideaMaven\repository2\org\mockito\mockito-junit-jupiter\4.5.1\mockito-junit-jupiter-4.5.1.jar;D:\ideaMaven\repository2\org\skyscreamer\jsonassert\1.5.1\jsonassert-1.5.1.jar;D:\ideaMaven\repository2\com\vaadin\external\google\android-json\0.0.20131108.vaadin1\android-json-0.0.20131108.vaadin1.jar;D:\ideaMaven\repository2\org\springframework\spring-core\5.3.23\spring-core-5.3.23.jar;D:\ideaMaven\repository2\org\springframework\spring-jcl\5.3.23\spring-jcl-5.3.23.jar;D:\ideaMaven\repository2\org\springframework\spring-test\5.3.23\spring-test-5.3.23.jar;D:\ideaMaven\repository2\org\xmlunit\xmlunit-core\2.9.0\xmlunit-core-2.9.0.jar;"/>
    <property name="java.vm.vendor" value="Oracle Corporation"/>
    <property name="sun.arch.data.model" value="64"/>
    <property name="user.variant" value=""/>
    <property name="java.vendor.url" value="http://java.oracle.com/"/>
    <property name="user.timezone" value="Asia/Shanghai"/>
    <property name="java.vm.specification.version" value="1.8"/>
    <property name="os.name" value="Windows 8.1"/>
    <property name="user.country" value="CN"/>
    <property name="sun.java.launcher" value="SUN_STANDARD"/>
    <property name="sun.boot.library.path" value="C:\Program Files\Java\jdk1.8.0_40\jre\bin"/>
    <property name="sun.java.command" value="C:\Users\Leslie\AppData\Local\Temp\surefire1710284774705700861\surefirebooter4698949286624989739.jar C:\Users\Leslie\AppData\Local\Temp\surefire1710284774705700861 2023-03-17T23-18-02_282-jvmRun1 surefire7365695648148779818tmp surefire_01554346119935514389tmp"/>
    <property name="surefire.test.class.path" value="D:\workspace\teeth\target\test-classes;D:\workspace\teeth\target\classes;D:\ideaMaven\repository2\org\springframework\boot\spring-boot-starter-web\2.7.5\spring-boot-starter-web-2.7.5.jar;D:\ideaMaven\repository2\org\springframework\boot\spring-boot-starter\2.7.5\spring-boot-starter-2.7.5.jar;D:\ideaMaven\repository2\org\springframework\boot\spring-boot\2.7.5\spring-boot-2.7.5.jar;D:\ideaMaven\repository2\org\springframework\boot\spring-boot-autoconfigure\2.7.5\spring-boot-autoconfigure-2.7.5.jar;D:\ideaMaven\repository2\org\springframework\boot\spring-boot-starter-logging\2.7.5\spring-boot-starter-logging-2.7.5.jar;D:\ideaMaven\repository2\ch\qos\logback\logback-classic\1.2.11\logback-classic-1.2.11.jar;D:\ideaMaven\repository2\ch\qos\logback\logback-core\1.2.11\logback-core-1.2.11.jar;D:\ideaMaven\repository2\org\apache\logging\log4j\log4j-to-slf4j\2.17.2\log4j-to-slf4j-2.17.2.jar;D:\ideaMaven\repository2\org\apache\logging\log4j\log4j-api\2.17.2\log4j-api-2.17.2.jar;D:\ideaMaven\repository2\org\slf4j\jul-to-slf4j\1.7.36\jul-to-slf4j-1.7.36.jar;D:\ideaMaven\repository2\jakarta\annotation\jakarta.annotation-api\1.3.5\jakarta.annotation-api-1.3.5.jar;D:\ideaMaven\repository2\org\yaml\snakeyaml\1.30\snakeyaml-1.30.jar;D:\ideaMaven\repository2\org\springframework\boot\spring-boot-starter-json\2.7.5\spring-boot-starter-json-2.7.5.jar;D:\ideaMaven\repository2\com\fasterxml\jackson\core\jackson-databind\2.13.4.2\jackson-databind-2.13.4.2.jar;D:\ideaMaven\repository2\com\fasterxml\jackson\core\jackson-annotations\2.13.4\jackson-annotations-2.13.4.jar;D:\ideaMaven\repository2\com\fasterxml\jackson\core\jackson-core\2.13.4\jackson-core-2.13.4.jar;D:\ideaMaven\repository2\com\fasterxml\jackson\datatype\jackson-datatype-jdk8\2.13.4\jackson-datatype-jdk8-2.13.4.jar;D:\ideaMaven\repository2\com\fasterxml\jackson\datatype\jackson-datatype-jsr310\2.13.4\jackson-datatype-jsr310-2.13.4.jar;D:\ideaMaven\repository2\com\fasterxml\jackson\module\jackson-module-parameter-names\2.13.4\jackson-module-parameter-names-2.13.4.jar;D:\ideaMaven\repository2\org\springframework\boot\spring-boot-starter-tomcat\2.7.5\spring-boot-starter-tomcat-2.7.5.jar;D:\ideaMaven\repository2\org\apache\tomcat\embed\tomcat-embed-core\9.0.68\tomcat-embed-core-9.0.68.jar;D:\ideaMaven\repository2\org\apache\tomcat\embed\tomcat-embed-el\9.0.68\tomcat-embed-el-9.0.68.jar;D:\ideaMaven\repository2\org\apache\tomcat\embed\tomcat-embed-websocket\9.0.68\tomcat-embed-websocket-9.0.68.jar;D:\ideaMaven\repository2\org\springframework\spring-web\5.3.23\spring-web-5.3.23.jar;D:\ideaMaven\repository2\org\springframework\spring-beans\5.3.23\spring-beans-5.3.23.jar;D:\ideaMaven\repository2\org\springframework\spring-webmvc\5.3.23\spring-webmvc-5.3.23.jar;D:\ideaMaven\repository2\org\springframework\spring-aop\5.3.23\spring-aop-5.3.23.jar;D:\ideaMaven\repository2\org\springframework\spring-context\5.3.23\spring-context-5.3.23.jar;D:\ideaMaven\repository2\org\springframework\spring-expression\5.3.23\spring-expression-5.3.23.jar;D:\ideaMaven\repository2\com\mysql\mysql-connector-j\8.0.31\mysql-connector-j-8.0.31.jar;D:\ideaMaven\repository2\org\projectlombok\lombok\1.18.24\lombok-1.18.24.jar;D:\ideaMaven\repository2\org\springframework\boot\spring-boot-starter-test\2.7.5\spring-boot-starter-test-2.7.5.jar;D:\ideaMaven\repository2\org\springframework\boot\spring-boot-test\2.7.5\spring-boot-test-2.7.5.jar;D:\ideaMaven\repository2\org\springframework\boot\spring-boot-test-autoconfigure\2.7.5\spring-boot-test-autoconfigure-2.7.5.jar;D:\ideaMaven\repository2\com\jayway\jsonpath\json-path\2.7.0\json-path-2.7.0.jar;D:\ideaMaven\repository2\net\minidev\json-smart\2.4.8\json-smart-2.4.8.jar;D:\ideaMaven\repository2\net\minidev\accessors-smart\2.4.8\accessors-smart-2.4.8.jar;D:\ideaMaven\repository2\org\ow2\asm\asm\9.1\asm-9.1.jar;D:\ideaMaven\repository2\org\slf4j\slf4j-api\1.7.36\slf4j-api-1.7.36.jar;D:\ideaMaven\repository2\jakarta\xml\bind\jakarta.xml.bind-api\2.3.3\jakarta.xml.bind-api-2.3.3.jar;D:\ideaMaven\repository2\jakarta\activation\jakarta.activation-api\1.2.2\jakarta.activation-api-1.2.2.jar;D:\ideaMaven\repository2\org\assertj\assertj-core\3.22.0\assertj-core-3.22.0.jar;D:\ideaMaven\repository2\org\hamcrest\hamcrest\2.2\hamcrest-2.2.jar;D:\ideaMaven\repository2\org\junit\jupiter\junit-jupiter\5.8.2\junit-jupiter-5.8.2.jar;D:\ideaMaven\repository2\org\junit\jupiter\junit-jupiter-api\5.8.2\junit-jupiter-api-5.8.2.jar;D:\ideaMaven\repository2\org\opentest4j\opentest4j\1.2.0\opentest4j-1.2.0.jar;D:\ideaMaven\repository2\org\junit\platform\junit-platform-commons\1.8.2\junit-platform-commons-1.8.2.jar;D:\ideaMaven\repository2\org\apiguardian\apiguardian-api\1.1.2\apiguardian-api-1.1.2.jar;D:\ideaMaven\repository2\org\junit\jupiter\junit-jupiter-params\5.8.2\junit-jupiter-params-5.8.2.jar;D:\ideaMaven\repository2\org\junit\jupiter\junit-jupiter-engine\5.8.2\junit-jupiter-engine-5.8.2.jar;D:\ideaMaven\repository2\org\junit\platform\junit-platform-engine\1.8.2\junit-platform-engine-1.8.2.jar;D:\ideaMaven\repository2\org\mockito\mockito-core\4.5.1\mockito-core-4.5.1.jar;D:\ideaMaven\repository2\net\bytebuddy\byte-buddy\1.12.18\byte-buddy-1.12.18.jar;D:\ideaMaven\repository2\net\bytebuddy\byte-buddy-agent\1.12.18\byte-buddy-agent-1.12.18.jar;D:\ideaMaven\repository2\org\objenesis\objenesis\3.2\objenesis-3.2.jar;D:\ideaMaven\repository2\org\mockito\mockito-junit-jupiter\4.5.1\mockito-junit-jupiter-4.5.1.jar;D:\ideaMaven\repository2\org\skyscreamer\jsonassert\1.5.1\jsonassert-1.5.1.jar;D:\ideaMaven\repository2\com\vaadin\external\google\android-json\0.0.20131108.vaadin1\android-json-0.0.20131108.vaadin1.jar;D:\ideaMaven\repository2\org\springframework\spring-core\5.3.23\spring-core-5.3.23.jar;D:\ideaMaven\repository2\org\springframework\spring-jcl\5.3.23\spring-jcl-5.3.23.jar;D:\ideaMaven\repository2\org\springframework\spring-test\5.3.23\spring-test-5.3.23.jar;D:\ideaMaven\repository2\org\xmlunit\xmlunit-core\2.9.0\xmlunit-core-2.9.0.jar;"/>
    <property name="sun.cpu.endian" value="little"/>
    <property name="user.home" value="C:\Users\Leslie"/>
    <property name="user.language" value="zh"/>
    <property name="java.specification.vendor" value="Oracle Corporation"/>
    <property name="java.home" value="C:\Program Files\Java\jdk1.8.0_40\jre"/>
    <property name="basedir" value="D:\workspace\teeth"/>
    <property name="file.separator" value="\"/>
    <property name="line.separator" value="&#10;"/>
    <property name="java.vm.specification.vendor" value="Oracle Corporation"/>
    <property name="java.specification.name" value="Java Platform API Specification"/>
    <property name="java.awt.graphicsenv" value="sun.awt.Win32GraphicsEnvironment"/>
    <property name="surefire.real.class.path" value="C:\Users\Leslie\AppData\Local\Temp\surefire1710284774705700861\surefirebooter4698949286624989739.jar"/>
    <property name="sun.boot.class.path" value="C:\Program Files\Java\jdk1.8.0_40\jre\lib\resources.jar;C:\Program Files\Java\jdk1.8.0_40\jre\lib\rt.jar;C:\Program Files\Java\jdk1.8.0_40\jre\lib\sunrsasign.jar;C:\Program Files\Java\jdk1.8.0_40\jre\lib\jsse.jar;C:\Program Files\Java\jdk1.8.0_40\jre\lib\jce.jar;C:\Program Files\Java\jdk1.8.0_40\jre\lib\charsets.jar;C:\Program Files\Java\jdk1.8.0_40\jre\lib\jfr.jar;C:\Program Files\Java\jdk1.8.0_40\jre\classes"/>
    <property name="user.script" value=""/>
    <property name="sun.management.compiler" value="HotSpot 64-Bit Tiered Compilers"/>
    <property name="java.runtime.version" value="1.8.0_40-b25"/>
    <property name="user.name" value="Leslie"/>
    <property name="path.separator" value=";"/>
    <property name="os.version" value="6.3"/>
    <property name="java.endorsed.dirs" value="C:\Program Files\Java\jdk1.8.0_40\jre\lib\endorsed"/>
    <property name="java.runtime.name" value="Java(TM) SE Runtime Environment"/>
    <property name="file.encoding" value="GBK"/>
    <property name="java.vm.name" value="Java HotSpot(TM) 64-Bit Server VM"/>
    <property name="idea.version2020.1" value="true"/>
    <property name="localRepository" value="D:\ideaMaven\repository2"/>
    <property name="java.vendor.url.bug" value="http://bugreport.sun.com/bugreport/"/>
    <property name="java.io.tmpdir" value="C:\Users\Leslie\AppData\Local\Temp\"/>
    <property name="java.version" value="1.8.0_40"/>
    <property name="user.dir" value="D:\workspace\teeth"/>
    <property name="os.arch" value="amd64"/>
    <property name="java.vm.specification.name" value="Java Virtual Machine Specification"/>
    <property name="java.awt.printerjob" value="sun.awt.windows.WPrinterJob"/>
    <property name="sun.os.patch.level" value=""/>
    <property name="java.library.path" value="C:\Program Files\Java\jdk1.8.0_40\jre\bin;C:\Windows\Sun\Java\bin;C:\Windows\system32;C:\Windows;C:\Program Files (x86)\NetSarang\Xlpd 6\;C:\Program Files (x86)\NetSarang\Xshell 6\;C:\Program Files (x86)\NetSarang\Xmanager 6\;C:\ProgramData\Oracle\Java\javapath;C:\Windows\system32;C:\Windows;C:\Windows\System32\Wbem;C:\Windows\System32\WindowsPowerShell\v1.0\;C:\Windows\System32\OpenSSH\;D:\mysql-8.0.21-winx64\bin;D:\apache-tomcat-8.5.64\bin;C:\Program Files\Java\jdk1.8.0_40\bin;C:\Program Files\Java\jdk1.8.0_40\jre\bin;D:\Program Files\apache-maven-3.6.3\bin;C:\Program Files\Git\cmd;C:\Users\Leslie\AppData\Local\Microsoft\WindowsApps;;D:\workspace\IntelliJ IDEA Community Edition 2020.3.2\bin;;."/>
    <property name="java.vm.info" value="mixed mode"/>
    <property name="java.vendor" value="Oracle Corporation"/>
    <property name="java.vm.version" value="25.40-b25"/>
    <property name="java.ext.dirs" value="C:\Program Files\Java\jdk1.8.0_40\jre\lib\ext;C:\Windows\Sun\Java\lib\ext"/>
    <property name="sun.io.unicode.encoding" value="UnicodeLittle"/>
    <property name="maven.repo.local" value="D:\ideaMaven\repository2"/>
    <property name="java.class.version" value="52.0"/>
  </properties>
  <testcase name="contextLoads" classname="com.leslie.demo.DemoApplicationTests" time="0.192"/>
</testsuite>